<?xml version="1.0" encoding="UTF-8"?>
<Site BuildName="(empty)"
	BuildStamp="20240625-1423-Experimental"
	Name="neslisah-TULPAR-T5-V21-1"
	Generator="ctest-3.22.1"
	CompilerName="/usr/bin/c++"
	CompilerVersion="11.4.0"
	OSName="Linux"
	Hostname="neslisah-TULPAR-T5-V21-1"
	OSRelease="6.5.0-41-generic"
	OSVersion="#41~22.04.2-Ubuntu SMP PREEMPT_DYNAMIC Mon Jun  3 11:32:55 UTC 2"
	OSPlatform="x86_64"
	Is64Bits="1"
	VendorString="GenuineIntel"
	VendorID="Intel Corporation"
	FamilyID="6"
	ModelID="165"
	ProcessorCacheSize="16384"
	NumberOfLogicalCPU="16"
	NumberOfPhysicalCPU="8"
	TotalVirtualMemory="17000"
	TotalPhysicalMemory="15813"
	LogicalProcessorsPerPhysical="2"
	ProcessorClockFrequency="4202.28"
	>
	<Testing>
		<StartDateTime>Jun 25 17:23 +03</StartDateTime>
		<StartTestTime>1719325411</StartTestTime>
		<TestList/>
		<EndDateTime>Jun 25 17:23 +03</EndDateTime>
		<EndTestTime>1719325411</EndTestTime>
		<ElapsedMinutes>0</ElapsedMinutes>
	</Testing>
</Site>
